2021-05-20 14:21:44.937 +08 [11424] ERROR:  column "instructor.instid" must appear in the GROUP BY clause or be used in an aggregate function at character 27
2021-05-20 14:21:44.937 +08 [11424] STATEMENT:  SELECT AVG(Took.score) ,
		Instructor.instID
	
	FROM Took JOIN Instructor 
		USING(instID)
	
2021-05-20 14:21:58.465 +08 [11424] ERROR:  syntax error at or near "Instructor" at character 1
2021-05-20 14:21:58.465 +08 [11424] STATEMENT:  Instructor.instID = Took.instID
2021-05-20 14:22:00.868 +08 [11424] ERROR:  syntax error at or near "Instructor" at character 1
2021-05-20 14:22:00.868 +08 [11424] STATEMENT:  Instructor.instID = Took.instID
2021-05-20 14:51:04.482 +08 [14208] ERROR:  syntax error at or near "INSERT" at character 192
2021-05-20 14:51:04.482 +08 [14208] STATEMENT:  CREATE TABLE employee
	  (
	      id INT PRIMARY KEY,
	      name VARCHAR(50) NOT NULL,
	      gender VARCHAR(50) NOT NULL,
	      salary INT NOT NULL,
	      department VARCHAR(50) NOT NULL
	   )
	
	INSERT INTO employee
	  VALUES
	  (1, 'David', 'Male', 5000, 'Sales'),
	  (2, 'Jim', 'Female', 6000, 'HR'),
	  (3, 'Kate', 'Female', 7500, 'IT'),
	  (4, 'Will', 'Male', 6500, 'Marketing'),
	  (5, 'Shane', 'Female', 5500, 'Finance'),
	  (6, 'Shed', 'Male', 8000, 'Sales'),
	  (7, 'Vik', 'Male', 7200, 'HR'),
	  (8, 'Vince', 'Female', 6600, 'IT'),
	  (9, 'Jane', 'Female', 5400, 'Marketing'),
	  (10, 'Laura', 'Female', 6300, 'Finance'),
	  (11, 'Mac', 'Male', 5700, 'Sales'),
	  (12, 'Pat', 'Male', 7000, 'HR'),
	  (13, 'Julie', 'Female', 7100, 'IT'),
	  (14, 'Elice', 'Female', 6800,'Marketing'),
	  (15, 'Wayne', 'Male', 5000, 'Finance')
2021-05-20 14:54:35.167 +08 [8524] ERROR:  relation "employees" does not exist at character 37
2021-05-20 14:54:35.167 +08 [8524] STATEMENT:  SELECT department, SUM(salary)
	FROM employees
	GROUP BY department_id
2021-05-20 14:54:41.296 +08 [8524] ERROR:  column "department_id" does not exist at character 55
2021-05-20 14:54:41.296 +08 [8524] HINT:  Perhaps you meant to reference the column "employee.department".
2021-05-20 14:54:41.296 +08 [8524] STATEMENT:  SELECT department, SUM(salary)
	FROM employee
	GROUP BY department_id
2021-05-20 14:59:03.419 +08 [8524] ERROR:  column "employee.department" must appear in the GROUP BY clause or be used in an aggregate function at character 8
2021-05-20 14:59:03.419 +08 [8524] STATEMENT:  SELECT department, gender, SUM(salary)
	FROM employee
	GROUP BY ROLLUP(gender)
2021-05-20 15:12:24.396 +08 [8524] ERROR:  syntax error at or near "CUBE" at character 1
2021-05-20 15:12:24.396 +08 [8524] STATEMENT:  CUBE
2021-05-20 15:25:55.185 +08 [8524] ERROR:  syntax error at or near "ORDER" at character 2
2021-05-20 15:25:55.185 +08 [8524] STATEMENT:  
	ORDER BY department
2021-05-20 15:26:06.399 +08 [8524] ERROR:  syntax error at or near "ORDER" at character 2
2021-05-20 15:26:06.399 +08 [8524] STATEMENT:  
	ORDER BY department
2021-05-20 15:43:56.625 +08 [8524] LOG:  could not receive data from client: An existing connection was forcibly closed by the remote host.
	
2021-05-20 15:43:56.625 +08 [13176] LOG:  could not receive data from client: An existing connection was forcibly closed by the remote host.
	
2021-05-20 15:43:56.625 +08 [14208] LOG:  could not receive data from client: An existing connection was forcibly closed by the remote host.
	
2021-05-20 15:43:56.625 +08 [1708] LOG:  could not receive data from client: An existing connection was forcibly closed by the remote host.
	
2021-05-20 15:43:56.626 +08 [3044] LOG:  could not receive data from client: An existing connection was forcibly closed by the remote host.
	
2021-05-20 15:43:56.626 +08 [7476] LOG:  could not receive data from client: An existing connection was forcibly closed by the remote host.
	
2021-05-20 15:43:56.635 +08 [10904] LOG:  could not send data to client: An existing connection was forcibly closed by the remote host.
	
2021-05-20 15:43:56.635 +08 [10904] FATAL:  connection to client lost
2021-05-20 15:43:56.664 +08 [2740] LOG:  could not receive data from client: An existing connection was forcibly closed by the remote host.
	
