2021-05-23 18:16:15.869 +08 [5008] FATAL:  password authentication failed for user "postgres"
2021-05-23 18:16:15.869 +08 [5008] DETAIL:  Connection matched pg_hba.conf line 87: "host    all             all             0.0.0.0/0            scram-sha-256"
2021-05-23 18:29:45.772 +08 [10156] LOG:  could not receive data from client: An existing connection was forcibly closed by the remote host.
	
2021-05-23 18:29:45.772 +08 [8732] LOG:  could not receive data from client: An existing connection was forcibly closed by the remote host.
	
2021-05-23 18:30:41.806 +08 [7660] FATAL:  password authentication failed for user "postgres"
2021-05-23 18:30:41.806 +08 [7660] DETAIL:  Connection matched pg_hba.conf line 89: "host    all             all             ::1/128                 scram-sha-256"
2021-05-23 18:32:29.818 +08 [13596] FATAL:  password authentication failed for user "postgres"
2021-05-23 18:32:29.818 +08 [13596] DETAIL:  Connection matched pg_hba.conf line 89: "host    all             all             ::1/128                 scram-sha-256"
2021-05-23 18:32:49.776 +08 [3188] FATAL:  password authentication failed for user "postgres"
2021-05-23 18:32:49.776 +08 [3188] DETAIL:  Connection matched pg_hba.conf line 87: "host    all             all             0.0.0.0/0            md5"
2021-05-23 18:37:17.604 +08 [6976] LOG:  could not receive data from client: An existing connection was forcibly closed by the remote host.
	
2021-05-23 18:37:17.604 +08 [13060] LOG:  could not send data to client: An existing connection was forcibly closed by the remote host.
	
2021-05-23 18:37:17.605 +08 [13060] FATAL:  connection to client lost
2021-05-23 18:56:06.651 +08 [10360] LOG:  could not receive data from client: An existing connection was forcibly closed by the remote host.
	
2021-05-23 19:05:27.764 +08 [13536] LOG:  could not receive data from client: An existing connection was forcibly closed by the remote host.
	
2021-05-23 19:05:27.776 +08 [8784] LOG:  could not send data to client: An existing connection was forcibly closed by the remote host.
	
2021-05-23 19:05:27.776 +08 [8784] FATAL:  connection to client lost
2021-05-23 22:35:44.510 +08 [17036] LOG:  could not receive data from client: An existing connection was forcibly closed by the remote host.
	
2021-05-23 22:35:49.848 +08 [2428] LOG:  could not receive data from client: An existing connection was forcibly closed by the remote host.
	
2021-05-23 22:35:49.849 +08 [18108] LOG:  could not receive data from client: An existing connection was forcibly closed by the remote host.
	
2021-05-23 22:38:05.202 +08 [15756] LOG:  could not receive data from client: An existing connection was forcibly closed by the remote host.
	
2021-05-23 22:38:05.203 +08 [1528] LOG:  could not receive data from client: An existing connection was forcibly closed by the remote host.
	
2021-05-23 22:38:10.982 +08 [9116] LOG:  could not receive data from client: An existing connection was forcibly closed by the remote host.
	
2021-05-23 22:38:10.982 +08 [17356] LOG:  could not receive data from client: An existing connection was forcibly closed by the remote host.
	
2021-05-23 23:54:34.659 +08 [17620] LOG:  could not receive data from client: An existing connection was forcibly closed by the remote host.
	
2021-05-23 23:54:34.661 +08 [5096] LOG:  could not receive data from client: An existing connection was forcibly closed by the remote host.
	
2021-05-23 23:54:34.663 +08 [10024] LOG:  could not receive data from client: An existing connection was forcibly closed by the remote host.
	
2021-05-23 23:54:34.666 +08 [14808] LOG:  could not receive data from client: An existing connection was forcibly closed by the remote host.
	
