2021-04-28 21:22:04.765 +08 [17512] ERROR:  column "took.studid" must appear in the GROUP BY clause or be used in an aggregate function at character 26
2021-04-28 21:22:04.765 +08 [17512] STATEMENT:  SELECT AVG(Took.score),
		Took.studId,
		Took.instID
	
	FROM Took JOIN Student
		ON Student.studID = Took.studID
	
	JOIN Instructor 
		ON Instructor.instID = Took.instID
	
	JOIN Class
		ON Class.classID = Took.classID
	
	WHERE Class.region = 'Quebec'
	GROUP BY Student.studID, Instructor.instID
2021-04-28 21:26:56.022 +08 [17512] ERROR:  syntax error at or near "Instructor" at character 227
2021-04-28 21:26:56.022 +08 [17512] STATEMENT:  SELECT AVG(Took.score)
	
	FROM Took JOIN Student
		ON Student.studID = Took.studID
	
	JOIN Instructor 
		ON Instructor.instID = Took.instID
	
	JOIN Class
		ON Class.classID = Took.classID
	
	WHERE Class.region = 'Quebec'
	GROUP BY ROLLUP Instructor.instID
2021-04-28 21:28:26.002 +08 [17512] ERROR:  syntax error at or near "Instructor" at character 227
2021-04-28 21:28:26.002 +08 [17512] STATEMENT:  SELECT AVG(Took.score)
	
	FROM Took JOIN Student
		ON Student.studID = Took.studID
	
	JOIN Instructor 
		ON Instructor.instID = Took.instID
	
	JOIN Class
		ON Class.classID = Took.classID
	
	WHERE Class.region = 'Quebec'
	GROUP BY ROLLUP Instructor.instID
2021-04-28 21:28:43.369 +08 [17512] ERROR:  syntax error at or near "Instructor" at character 1
2021-04-28 21:28:43.369 +08 [17512] STATEMENT:  Instructor.instID
2021-04-28 21:29:20.463 +08 [17512] ERROR:  missing FROM-clause entry for table "class" at character 142
2021-04-28 21:29:20.463 +08 [17512] STATEMENT:  SELECT AVG(Took.score)
	
	FROM Took JOIN Student
		ON Student.studID = Took.studID
	
	JOIN Instructor 
		ON Instructor.instID = Took.instID
	
	WHERE Class.region = 'Quebec'
	GROUP BY ROLLUP (Instructor.instID)
2021-04-28 21:41:51.301 +08 [17512] ERROR:  function rolldown(text, text) does not exist at character 145
2021-04-28 21:41:51.301 +08 [17512] HINT:  No function matches the given name and argument types. You might need to add explicit type casts.
2021-04-28 21:41:51.301 +08 [17512] STATEMENT:  SELECT AVG(Took.score)
	
	FROM Took JOIN Student 
		ON Student.studID = Took.studID
	
	JOIN Instructor
		ON Instructor.instID = Took.instID
	
	GROUP BY ROLLDOWN (Student.major, Instructor.dept)
2021-04-28 21:42:22.668 +08 [17512] ERROR:  function drilldown(text, text) does not exist at character 145
2021-04-28 21:42:22.668 +08 [17512] HINT:  No function matches the given name and argument types. You might need to add explicit type casts.
2021-04-28 21:42:22.668 +08 [17512] STATEMENT:  SELECT AVG(Took.score)
	
	FROM Took JOIN Student 
		ON Student.studID = Took.studID
	
	JOIN Instructor
		ON Instructor.instID = Took.instID
	
	GROUP BY DRILLDOWN (Student.major, Instructor.dept)
2021-04-28 21:47:10.041 +08 [17512] ERROR:  column class.university does not exist at character 126
2021-04-28 21:47:10.041 +08 [17512] STATEMENT:  SELECT AVG(Took.score)
	
	FROM Took JOIN Class
		ON Class.classID = Took.classID
	
	GROUP BY ROLLUP (Class.country, Class.region, Class.university)
2021-04-28 21:47:36.970 +08 [17512] ERROR:  aggregate functions are not allowed in GROUP BY at character 138
2021-04-28 21:47:36.970 +08 [17512] STATEMENT:  SELECT AVG(Took.score)
	
	FROM Took JOIN Class
		ON Class.classID = Took.classID
	
	GROUP BY ROLLUP (Class.country, Class.region, Class.univ, AVG(Took.Score))
2021-04-28 21:48:31.747 +08 [17512] ERROR:  syntax error at or near "WITH" at character 129
2021-04-28 21:48:31.747 +08 [17512] STATEMENT:  SELECT AVG(Took.score)
	
	FROM Took JOIN Class
		ON Class.classID = Took.classID
	
	GROUP BY Class.country, Class.region, Class.univ WITH ROLLUP
2021-04-28 21:48:53.962 +08 [17512] ERROR:  syntax error at or near "6." at character 1
2021-04-28 21:48:53.962 +08 [17512] STATEMENT:  6.	Select AVG(Took.score) as Student_Average_Score,Class.country, Class.region, Class.univ from Took inner join Class on Took.classID=Class.classID group by Class.country, Class.region, Class.univ WITH ROLLUP;
2021-04-28 21:49:06.314 +08 [17512] ERROR:  syntax error at or near "WITH" at character 195
2021-04-28 21:49:06.314 +08 [17512] STATEMENT:  Select AVG(Took.score) as Student_Average_Score,Class.country, Class.region, Class.univ from Took inner join Class on Took.classID=Class.classID group by Class.country, Class.region, Class.univ WITH ROLLUP;
2021-04-28 21:49:25.557 +08 [17512] ERROR:  syntax error at or near "WITH" at character 129
2021-04-28 21:49:25.557 +08 [17512] STATEMENT:  SELECT AVG(Took.score)
	
	FROM Took JOIN Class
		ON Class.classID = Took.classID
	
	GROUP BY Class.country, Class.region, Class.univ WITH ROLLUP
2021-04-28 21:50:37.404 +08 [17512] ERROR:  syntax error at or near "WITH" at character 204
2021-04-28 21:50:37.404 +08 [17512] STATEMENT:  Select AVG(Took.score) as Student_Average_Score,
		Class.country, Class.region, Class.univ 
		
	from Took inner join Class 
		on Took.classID=Class.classID 
	
	group by Class.country, Class.region, Class.univ WITH ROLLUP;
2021-04-28 21:54:52.117 +08 [17512] ERROR:  syntax error at or near "." at character 32
2021-04-28 21:54:52.117 +08 [17512] STATEMENT:  SELECT AVG(Took.score)
		Student.major
	
	FROM Took JOIN Student 
		ON Student.studID = Took.studID
	
	GROUP BY Student.major
	
2021-04-28 22:02:37.437 +08 [16432] LOG:  could not receive data from client: An existing connection was forcibly closed by the remote host.
	
2021-04-28 22:02:37.437 +08 [17604] LOG:  could not receive data from client: An existing connection was forcibly closed by the remote host.
	
2021-04-28 22:02:37.438 +08 [16572] LOG:  could not receive data from client: An existing connection was forcibly closed by the remote host.
	
2021-04-28 22:02:37.440 +08 [17512] LOG:  could not receive data from client: An existing connection was forcibly closed by the remote host.
	
2021-04-28 22:02:37.472 +08 [17044] LOG:  could not receive data from client: An existing connection was forcibly closed by the remote host.
	
2021-04-29 15:25:04.151 +08 [8464] LOG:  could not receive data from client: An existing connection was forcibly closed by the remote host.
	
2021-04-29 15:25:04.151 +08 [17900] LOG:  could not receive data from client: An existing connection was forcibly closed by the remote host.
	
2021-04-29 15:25:04.153 +08 [5080] LOG:  could not receive data from client: An existing connection was forcibly closed by the remote host.
	
2021-04-29 15:25:04.153 +08 [8940] LOG:  could not receive data from client: An existing connection was forcibly closed by the remote host.
	
2021-04-29 15:25:04.184 +08 [4428] LOG:  could not receive data from client: An existing connection was forcibly closed by the remote host.
	
2021-04-29 16:10:48.868 +08 [7340] LOG:  received fast shutdown request
